2012-05-31 11:30:29,427 [pool-1-thread-1] (CxScanJob.java:87) INFO  - Packing project
2012-05-31 11:30:29,746 [pool-1-thread-1] (CxScanJob.java:106) INFO  - Project name is "BS_CS"
2012-05-31 11:30:32,710 [pool-1-thread-1] (CxScanJob.java:264) INFO  - Check CLI version support: 1.2.10
2012-05-31 11:30:32,778 [pool-1-thread-1] (CxScanJob.java:279) INFO  - Log in
2012-05-31 11:30:33,064 [pool-1-thread-1] (CxScanJob.java:118) INFO  - Retrieving scan configurations
2012-05-31 11:30:33,344 [pool-1-thread-1] (CxScanJob.java:139) INFO  - Request scan
2012-05-31 11:30:33,358 [pool-1-thread-1] (CxScanJob.java:442) INFO  - isVisible to others flag: false
2012-05-31 11:30:35,153 [pool-1-thread-1] (CxScanJob.java:498) TRACE - Project scan request response:RunScanResult(scanId:cd9ca45d-1090-4fe6-89ac-d5481cd4379c,projectId:5)
2012-05-31 11:30:35,186 [pool-2-thread-1] (WaitScanCompletionJob.java:62) TRACE - getScanStatus: GetStatusOfScanResult({ cd9ca45d-1090-4fe6-89ac-d5481cd4379c | QUEUED | 0 | 0 |  | 0 |  |  | 2012-5-31 1:31:5 | 2014-5-31 1:31:5 | -1 |  | 5| 0 | 5 | 0 })
2012-05-31 11:30:35,187 [pool-2-thread-1] (WaitScanCompletionJob.java:74) INFO  - Total scan worked: 0%
2012-05-31 11:30:35,187 [pool-2-thread-1] (WaitScanCompletionJob.java:110) INFO  - Scan state: QUEUED
2012-05-31 11:30:35,188 [pool-2-thread-1] (WaitScanCompletionJob.java:114) TRACE - QUEUED
 (0%) 
2012-05-31 11:31:35,264 [pool-2-thread-1] (WaitScanCompletionJob.java:62) TRACE - getScanStatus: GetStatusOfScanResult({ cd9ca45d-1090-4fe6-89ac-d5481cd4379c | WORKING | 43 | 19 | Optimizing internal representation, Stage 5 | 11 | Stage # 20 of 22 | Processing # 294 of 2496 | 2012-5-31 1:31:5 | 2014-5-31 1:31:5 | -1 | Stage # 20 of 22 | 5| 0 | 5 | 0 })
2012-05-31 11:31:35,264 [pool-2-thread-1] (WaitScanCompletionJob.java:74) INFO  - Total scan worked: 43%
2012-05-31 11:31:35,265 [pool-2-thread-1] (WaitScanCompletionJob.java:104) INFO  - Current stage:  "Optimizing internal representation, Stage 5" - Stage # 20 of 22
2012-05-31 11:31:35,266 [pool-2-thread-1] (WaitScanCompletionJob.java:114) TRACE - WORKING "Optimizing internal representation, Stage 5"
Stage # 20 of 22 (11%) Processing # 294 of 2496
2012-05-31 11:32:35,334 [pool-2-thread-1] (WaitScanCompletionJob.java:62) TRACE - getScanStatus: GetStatusOfScanResult({ cd9ca45d-1090-4fe6-89ac-d5481cd4379c | WORKING | 87 | 20 | Querying | 74 | Running query: CustomError | Processing # 94 of 126 | 2012-5-31 1:31:5 | 2014-5-31 1:31:5 | -1 | CustomError | 5| 0 | 5 | 5 })
2012-05-31 11:32:35,335 [pool-2-thread-1] (WaitScanCompletionJob.java:74) INFO  - Total scan worked: 87%
2012-05-31 11:32:35,335 [pool-2-thread-1] (WaitScanCompletionJob.java:104) INFO  - Current stage:  "Querying" - Running query: CustomError
2012-05-31 11:32:35,336 [pool-2-thread-1] (WaitScanCompletionJob.java:114) TRACE - WORKING "Querying"
Running query: CustomError (74%) Processing # 94 of 126
2012-05-31 11:33:35,373 [pool-2-thread-1] (WaitScanCompletionJob.java:62) TRACE - getScanStatus: GetStatusOfScanResult({ cd9ca45d-1090-4fe6-89ac-d5481cd4379c | FINISHED | 100 | 2147483647 |  | 0 | Finish saving results |  | 2012-5-31 1:31:5 | 2012-5-31 1:33:52 | -1 |  | 5| 5 | 5 | 5 })
2012-05-31 11:33:35,373 [pool-2-thread-1] (WaitScanCompletionJob.java:74) INFO  - Total scan worked: 100%
2012-05-31 11:33:35,374 [pool-2-thread-1] (WaitScanCompletionJob.java:108) INFO  - Current stage: Finish saving results
2012-05-31 11:33:35,374 [pool-2-thread-1] (WaitScanCompletionJob.java:114) TRACE - FINISHED
Finish saving results (0%) 
2012-05-31 11:33:35,375 [pool-2-thread-1] (WaitScanCompletionJob.java:126) INFO  - Finish saving results
2012-05-31 11:33:35,376 [pool-1-thread-1] (CxScanJob.java:170) INFO  - Retrieving results
2012-05-31 11:33:55,102 [pool-1-thread-1] (CxScanJob.java:87) INFO  - Packing project
2012-05-31 11:33:55,465 [pool-1-thread-1] (CxScanJob.java:106) INFO  - Project name is "BS_CS"
2012-05-31 11:33:58,146 [pool-1-thread-1] (CxScanJob.java:264) INFO  - Check CLI version support: 1.2.10
2012-05-31 11:33:58,210 [pool-1-thread-1] (CxScanJob.java:279) INFO  - Log in
2012-05-31 11:33:58,492 [pool-1-thread-1] (CxScanJob.java:118) INFO  - Retrieving scan configurations
2012-05-31 11:33:58,635 [pool-1-thread-1] (CxScanJob.java:139) INFO  - Request scan
2012-05-31 11:33:58,649 [pool-1-thread-1] (CxScanJob.java:442) INFO  - isVisible to others flag: false
2012-05-31 11:34:00,701 [pool-1-thread-1] (CxScanJob.java:498) TRACE - Project scan request response:RunScanResult(scanId:da80caa3-4c61-44f9-8cdb-b5e9c2e07a9a,projectId:6)
2012-05-31 11:34:00,887 [pool-2-thread-1] (WaitScanCompletionJob.java:62) TRACE - getScanStatus: GetStatusOfScanResult({ da80caa3-4c61-44f9-8cdb-b5e9c2e07a9a | QUEUED | 0 | 0 |  | 0 |  |  | 2012-5-31 1:34:31 | 2014-5-31 1:34:31 | -1 |  | 6| 0 | 6 | 0 })
2012-05-31 11:34:00,888 [pool-2-thread-1] (WaitScanCompletionJob.java:74) INFO  - Total scan worked: 0%
2012-05-31 11:34:00,889 [pool-2-thread-1] (WaitScanCompletionJob.java:110) INFO  - Scan state: QUEUED
2012-05-31 11:34:00,890 [pool-2-thread-1] (WaitScanCompletionJob.java:114) TRACE - QUEUED
 (0%) 
2012-05-31 11:35:00,939 [pool-2-thread-1] (WaitScanCompletionJob.java:62) TRACE - getScanStatus: GetStatusOfScanResult({ da80caa3-4c61-44f9-8cdb-b5e9c2e07a9a | WORKING | 43 | 19 | Optimizing internal representation, Stage 5 | 25 | Stage # 20 of 22 | Processing # 624 of 2496 | 2012-5-31 1:34:31 | 2014-5-31 1:34:31 | -1 | Stage # 20 of 22 | 6| 0 | 6 | 0 })
2012-05-31 11:35:00,940 [pool-2-thread-1] (WaitScanCompletionJob.java:74) INFO  - Total scan worked: 43%
2012-05-31 11:35:00,941 [pool-2-thread-1] (WaitScanCompletionJob.java:104) INFO  - Current stage:  "Optimizing internal representation, Stage 5" - Stage # 20 of 22
2012-05-31 11:35:00,942 [pool-2-thread-1] (WaitScanCompletionJob.java:114) TRACE - WORKING "Optimizing internal representation, Stage 5"
Stage # 20 of 22 (25%) Processing # 624 of 2496
2012-05-31 11:36:00,993 [pool-2-thread-1] (WaitScanCompletionJob.java:62) TRACE - getScanStatus: GetStatusOfScanResult({ da80caa3-4c61-44f9-8cdb-b5e9c2e07a9a | WORKING | 88 | 20 | Querying | 77 | Running query: NonUniqueFormName | Processing # 98 of 126 | 2012-5-31 1:34:31 | 2014-5-31 1:34:31 | -1 | NonUniqueFormName | 6| 0 | 6 | 6 })
2012-05-31 11:36:00,994 [pool-2-thread-1] (WaitScanCompletionJob.java:74) INFO  - Total scan worked: 88%
2012-05-31 11:36:00,995 [pool-2-thread-1] (WaitScanCompletionJob.java:104) INFO  - Current stage:  "Querying" - Running query: NonUniqueFormName
2012-05-31 11:36:00,995 [pool-2-thread-1] (WaitScanCompletionJob.java:114) TRACE - WORKING "Querying"
Running query: NonUniqueFormName (77%) Processing # 98 of 126
2012-05-31 11:37:01,039 [pool-2-thread-1] (WaitScanCompletionJob.java:62) TRACE - getScanStatus: GetStatusOfScanResult({ da80caa3-4c61-44f9-8cdb-b5e9c2e07a9a | FINISHED | 100 | 2147483647 |  | 0 | Finish saving results |  | 2012-5-31 1:34:31 | 2012-5-31 1:37:19 | -1 |  | 6| 6 | 6 | 6 })
2012-05-31 11:37:01,040 [pool-2-thread-1] (WaitScanCompletionJob.java:74) INFO  - Total scan worked: 100%
2012-05-31 11:37:01,041 [pool-2-thread-1] (WaitScanCompletionJob.java:108) INFO  - Current stage: Finish saving results
2012-05-31 11:37:01,043 [pool-2-thread-1] (WaitScanCompletionJob.java:114) TRACE - FINISHED
Finish saving results (0%) 
2012-05-31 11:37:01,044 [pool-2-thread-1] (WaitScanCompletionJob.java:126) INFO  - Finish saving results
2012-05-31 11:37:01,045 [pool-1-thread-1] (CxScanJob.java:170) INFO  - Retrieving results
2012-05-31 11:37:21,006 [pool-1-thread-1] (CxScanJob.java:87) INFO  - Packing project
2012-05-31 11:37:21,963 [pool-1-thread-1] (CxScanJob.java:106) INFO  - Project name is "BS_CS"
2012-05-31 11:37:24,486 [pool-1-thread-1] (CxScanJob.java:264) INFO  - Check CLI version support: 1.2.10
2012-05-31 11:37:24,547 [pool-1-thread-1] (CxScanJob.java:279) INFO  - Log in
2012-05-31 11:37:24,977 [pool-1-thread-1] (CxScanJob.java:118) INFO  - Retrieving scan configurations
2012-05-31 11:37:25,155 [pool-1-thread-1] (CxScanJob.java:139) INFO  - Request scan
2012-05-31 11:37:25,168 [pool-1-thread-1] (CxScanJob.java:442) INFO  - isVisible to others flag: false
2012-05-31 11:37:27,402 [pool-1-thread-1] (CxScanJob.java:498) TRACE - Project scan request response:RunScanResult(scanId:4197d83f-47dd-471a-8dad-60868d1816d9,projectId:7)
2012-05-31 11:37:27,431 [pool-2-thread-1] (WaitScanCompletionJob.java:62) TRACE - getScanStatus: GetStatusOfScanResult({ 4197d83f-47dd-471a-8dad-60868d1816d9 | QUEUED | 0 | 0 |  | 0 |  |  | 2012-5-31 1:37:57 | 2014-5-31 1:37:57 | -1 |  | 7| 0 | 7 | 0 })
2012-05-31 11:37:27,432 [pool-2-thread-1] (WaitScanCompletionJob.java:74) INFO  - Total scan worked: 0%
2012-05-31 11:37:27,432 [pool-2-thread-1] (WaitScanCompletionJob.java:110) INFO  - Scan state: QUEUED
2012-05-31 11:37:27,433 [pool-2-thread-1] (WaitScanCompletionJob.java:114) TRACE - QUEUED
 (0%) 
2012-05-31 11:38:27,490 [pool-2-thread-1] (WaitScanCompletionJob.java:62) TRACE - getScanStatus: GetStatusOfScanResult({ 4197d83f-47dd-471a-8dad-60868d1816d9 | WORKING | 43 | 19 | Optimizing internal representation, Stage 5 | 22 | Stage # 20 of 22 | Processing # 574 of 2496 | 2012-5-31 1:37:57 | 2014-5-31 1:37:57 | -1 | Stage # 20 of 22 | 7| 0 | 7 | 0 })
2012-05-31 11:38:27,491 [pool-2-thread-1] (WaitScanCompletionJob.java:74) INFO  - Total scan worked: 43%
2012-05-31 11:38:27,492 [pool-2-thread-1] (WaitScanCompletionJob.java:104) INFO  - Current stage:  "Optimizing internal representation, Stage 5" - Stage # 20 of 22
2012-05-31 11:38:27,493 [pool-2-thread-1] (WaitScanCompletionJob.java:114) TRACE - WORKING "Optimizing internal representation, Stage 5"
Stage # 20 of 22 (22%) Processing # 574 of 2496
2012-05-31 11:39:27,536 [pool-2-thread-1] (WaitScanCompletionJob.java:62) TRACE - getScanStatus: GetStatusOfScanResult({ 4197d83f-47dd-471a-8dad-60868d1816d9 | WORKING | 90 | 20 | Querying | 80 | Running query: Client_DoS_By_Sleep | Processing # 102 of 126 | 2012-5-31 1:37:57 | 2014-5-31 1:37:57 | -1 | Client_DoS_By_Sleep | 7| 0 | 7 | 7 })
2012-05-31 11:39:27,537 [pool-2-thread-1] (WaitScanCompletionJob.java:74) INFO  - Total scan worked: 90%
2012-05-31 11:39:27,537 [pool-2-thread-1] (WaitScanCompletionJob.java:104) INFO  - Current stage:  "Querying" - Running query: Client_DoS_By_Sleep
2012-05-31 11:39:27,538 [pool-2-thread-1] (WaitScanCompletionJob.java:114) TRACE - WORKING "Querying"
Running query: Client_DoS_By_Sleep (80%) Processing # 102 of 126
2012-05-31 11:40:27,590 [pool-2-thread-1] (WaitScanCompletionJob.java:62) TRACE - getScanStatus: GetStatusOfScanResult({ 4197d83f-47dd-471a-8dad-60868d1816d9 | FINISHED | 100 | 2147483647 |  | 0 | Finish saving results |  | 2012-5-31 1:37:57 | 2012-5-31 1:40:36 | -1 |  | 7| 7 | 7 | 7 })
2012-05-31 11:40:27,590 [pool-2-thread-1] (WaitScanCompletionJob.java:74) INFO  - Total scan worked: 100%
2012-05-31 11:40:27,591 [pool-2-thread-1] (WaitScanCompletionJob.java:108) INFO  - Current stage: Finish saving results
2012-05-31 11:40:27,592 [pool-2-thread-1] (WaitScanCompletionJob.java:114) TRACE - FINISHED
Finish saving results (0%) 
2012-05-31 11:40:27,592 [pool-2-thread-1] (WaitScanCompletionJob.java:126) INFO  - Finish saving results
2012-05-31 11:40:27,593 [pool-1-thread-1] (CxScanJob.java:170) INFO  - Retrieving results
2012-05-31 11:54:58,826 [pool-1-thread-1] (CxScanJob.java:87) INFO  - Packing project
2012-05-31 11:54:59,261 [pool-1-thread-1] (CxScanJob.java:106) INFO  - Project name is "BS_CS"
2012-05-31 11:55:01,146 [pool-1-thread-1] (CxScanJob.java:264) INFO  - Check CLI version support: 1.2.10
2012-05-31 11:55:01,195 [pool-1-thread-1] (CxScanJob.java:279) INFO  - Log in
2012-05-31 11:55:01,510 [pool-1-thread-1] (CxScanJob.java:118) INFO  - Retrieving scan configurations
2012-05-31 11:55:01,658 [pool-1-thread-1] (CxScanJob.java:139) INFO  - Request scan
2012-05-31 11:55:01,676 [pool-1-thread-1] (CxScanJob.java:442) INFO  - isVisible to others flag: false
2012-05-31 11:55:03,913 [pool-1-thread-1] (CxScanJob.java:498) TRACE - Project scan request response:RunScanResult(scanId:cc37651f-0a50-405f-88e7-beb9a54670cf,projectId:9)
2012-05-31 11:55:03,938 [pool-2-thread-1] (WaitScanCompletionJob.java:62) TRACE - getScanStatus: GetStatusOfScanResult({ cc37651f-0a50-405f-88e7-beb9a54670cf | QUEUED | 0 | 0 |  | 0 |  |  | 2012-5-31 1:55:34 | 2014-5-31 1:55:34 | -1 |  | 9| 0 | 9 | 0 })
2012-05-31 11:55:03,939 [pool-2-thread-1] (WaitScanCompletionJob.java:74) INFO  - Total scan worked: 0%
2012-05-31 11:55:03,940 [pool-2-thread-1] (WaitScanCompletionJob.java:110) INFO  - Scan state: QUEUED
2012-05-31 11:55:03,940 [pool-2-thread-1] (WaitScanCompletionJob.java:114) TRACE - QUEUED
 (0%) 
2012-05-31 11:56:03,978 [pool-2-thread-1] (WaitScanCompletionJob.java:62) TRACE - getScanStatus: GetStatusOfScanResult({ cc37651f-0a50-405f-88e7-beb9a54670cf | WORKING | 43 | 19 | Optimizing internal representation, Stage 5 | 25 | Stage # 20 of 22 | Processing # 624 of 2496 | 2012-5-31 1:55:34 | 2014-5-31 1:55:34 | -1 | Stage # 20 of 22 | 9| 0 | 9 | 0 })
2012-05-31 11:56:03,979 [pool-2-thread-1] (WaitScanCompletionJob.java:74) INFO  - Total scan worked: 43%
2012-05-31 11:56:03,979 [pool-2-thread-1] (WaitScanCompletionJob.java:104) INFO  - Current stage:  "Optimizing internal representation, Stage 5" - Stage # 20 of 22
2012-05-31 11:56:03,980 [pool-2-thread-1] (WaitScanCompletionJob.java:114) TRACE - WORKING "Optimizing internal representation, Stage 5"
Stage # 20 of 22 (25%) Processing # 624 of 2496
2012-05-31 11:57:04,018 [pool-2-thread-1] (WaitScanCompletionJob.java:62) TRACE - getScanStatus: GetStatusOfScanResult({ cc37651f-0a50-405f-88e7-beb9a54670cf | WORKING | 90 | 20 | Querying | 80 | Running query: TraceEnabled | Processing # 101 of 126 | 2012-5-31 1:55:34 | 2014-5-31 1:55:34 | -1 | TraceEnabled | 9| 0 | 9 | 12 })
2012-05-31 11:57:04,019 [pool-2-thread-1] (WaitScanCompletionJob.java:74) INFO  - Total scan worked: 90%
2012-05-31 11:57:04,020 [pool-2-thread-1] (WaitScanCompletionJob.java:104) INFO  - Current stage:  "Querying" - Running query: TraceEnabled
2012-05-31 11:57:04,021 [pool-2-thread-1] (WaitScanCompletionJob.java:114) TRACE - WORKING "Querying"
Running query: TraceEnabled (80%) Processing # 101 of 126
2012-05-31 11:58:04,058 [pool-2-thread-1] (WaitScanCompletionJob.java:62) TRACE - getScanStatus: GetStatusOfScanResult({ cc37651f-0a50-405f-88e7-beb9a54670cf | FINISHED | 100 | 2147483647 |  | 0 | Finish saving results |  | 2012-5-31 1:55:34 | 2012-5-31 1:58:18 | -1 |  | 9| 12 | 9 | 12 })
2012-05-31 11:58:04,058 [pool-2-thread-1] (WaitScanCompletionJob.java:74) INFO  - Total scan worked: 100%
2012-05-31 11:58:04,059 [pool-2-thread-1] (WaitScanCompletionJob.java:108) INFO  - Current stage: Finish saving results
2012-05-31 11:58:04,060 [pool-2-thread-1] (WaitScanCompletionJob.java:114) TRACE - FINISHED
Finish saving results (0%) 
2012-05-31 11:58:04,061 [pool-2-thread-1] (WaitScanCompletionJob.java:126) INFO  - Finish saving results
2012-05-31 11:58:04,062 [pool-1-thread-1] (CxScanJob.java:170) INFO  - Retrieving results
2012-05-31 11:58:32,213 [pool-1-thread-1] (CxScanJob.java:87) INFO  - Packing project
2012-05-31 11:58:32,653 [pool-1-thread-1] (CxScanJob.java:106) INFO  - Project name is "BS_CS"
2012-05-31 11:58:35,135 [pool-1-thread-1] (CxScanJob.java:264) INFO  - Check CLI version support: 1.2.10
2012-05-31 11:58:35,184 [pool-1-thread-1] (CxScanJob.java:279) INFO  - Log in
2012-05-31 11:58:35,493 [pool-1-thread-1] (CxScanJob.java:118) INFO  - Retrieving scan configurations
2012-05-31 11:58:35,651 [pool-1-thread-1] (CxScanJob.java:139) INFO  - Request scan
2012-05-31 11:58:35,663 [pool-1-thread-1] (CxScanJob.java:442) INFO  - isVisible to others flag: false
2012-05-31 11:58:37,717 [pool-1-thread-1] (CxScanJob.java:498) TRACE - Project scan request response:RunScanResult(scanId:c6568aab-a365-4d64-b3a9-6ac99a1e11ec,projectId:10)
2012-05-31 11:58:37,743 [pool-2-thread-1] (WaitScanCompletionJob.java:62) TRACE - getScanStatus: GetStatusOfScanResult({ c6568aab-a365-4d64-b3a9-6ac99a1e11ec | QUEUED | 0 | 0 |  | 0 |  |  | 2012-5-31 1:59:8 | 2014-5-31 1:59:8 | -1 |  | 10| 0 | 10 | 0 })
2012-05-31 11:58:37,744 [pool-2-thread-1] (WaitScanCompletionJob.java:74) INFO  - Total scan worked: 0%
2012-05-31 11:58:37,745 [pool-2-thread-1] (WaitScanCompletionJob.java:110) INFO  - Scan state: QUEUED
2012-05-31 11:58:37,745 [pool-2-thread-1] (WaitScanCompletionJob.java:114) TRACE - QUEUED
 (0%) 
2012-05-31 11:59:37,802 [pool-2-thread-1] (WaitScanCompletionJob.java:62) TRACE - getScanStatus: GetStatusOfScanResult({ c6568aab-a365-4d64-b3a9-6ac99a1e11ec | WORKING | 43 | 19 | Optimizing internal representation, Stage 5 | 25 | Stage # 20 of 22 | Processing # 624 of 2496 | 2012-5-31 1:59:8 | 2014-5-31 1:59:8 | -1 | Stage # 20 of 22 | 10| 0 | 10 | 0 })
2012-05-31 11:59:37,802 [pool-2-thread-1] (WaitScanCompletionJob.java:74) INFO  - Total scan worked: 43%
2012-05-31 11:59:37,803 [pool-2-thread-1] (WaitScanCompletionJob.java:104) INFO  - Current stage:  "Optimizing internal representation, Stage 5" - Stage # 20 of 22
2012-05-31 11:59:37,804 [pool-2-thread-1] (WaitScanCompletionJob.java:114) TRACE - WORKING "Optimizing internal representation, Stage 5"
Stage # 20 of 22 (25%) Processing # 624 of 2496
2012-05-31 12:00:37,841 [pool-2-thread-1] (WaitScanCompletionJob.java:62) TRACE - getScanStatus: GetStatusOfScanResult({ c6568aab-a365-4d64-b3a9-6ac99a1e11ec | WORKING | 78 | 20 | Querying | 57 | Running query: Path_Traversal | Processing # 73 of 126 | 2012-5-31 1:59:8 | 2014-5-31 1:59:8 | -1 | Path_Traversal | 10| 0 | 10 | 13 })
2012-05-31 12:00:37,841 [pool-2-thread-1] (WaitScanCompletionJob.java:74) INFO  - Total scan worked: 78%
2012-05-31 12:00:37,842 [pool-2-thread-1] (WaitScanCompletionJob.java:104) INFO  - Current stage:  "Querying" - Running query: Path_Traversal
2012-05-31 12:00:37,843 [pool-2-thread-1] (WaitScanCompletionJob.java:114) TRACE - WORKING "Querying"
Running query: Path_Traversal (57%) Processing # 73 of 126
2012-05-31 12:01:37,879 [pool-2-thread-1] (WaitScanCompletionJob.java:62) TRACE - getScanStatus: GetStatusOfScanResult({ c6568aab-a365-4d64-b3a9-6ac99a1e11ec | FINISHED | 100 | 2147483647 |  | 0 | Finish saving results |  | 2012-5-31 1:59:8 | 2012-5-31 2:2:3 | -1 |  | 10| 13 | 10 | 13 })
2012-05-31 12:01:37,880 [pool-2-thread-1] (WaitScanCompletionJob.java:74) INFO  - Total scan worked: 100%
2012-05-31 12:01:37,881 [pool-2-thread-1] (WaitScanCompletionJob.java:108) INFO  - Current stage: Finish saving results
2012-05-31 12:01:37,882 [pool-2-thread-1] (WaitScanCompletionJob.java:114) TRACE - FINISHED
Finish saving results (0%) 
2012-05-31 12:01:37,882 [pool-2-thread-1] (WaitScanCompletionJob.java:126) INFO  - Finish saving results
2012-05-31 12:01:37,883 [pool-1-thread-1] (CxScanJob.java:170) INFO  - Retrieving results
2012-05-31 13:44:56,526 [pool-1-thread-1] (CxScanJob.java:87) INFO  - Packing project
2012-05-31 13:44:57,054 [pool-1-thread-1] (CxScanJob.java:106) INFO  - Project name is "BS_CS"
2012-05-31 13:44:59,791 [pool-1-thread-1] (CxScanJob.java:264) INFO  - Check CLI version support: 1.2.10
2012-05-31 13:44:59,863 [pool-1-thread-1] (CxScanJob.java:279) INFO  - Log in
2012-05-31 13:45:00,231 [pool-1-thread-1] (CxScanJob.java:118) INFO  - Retrieving scan configurations
2012-05-31 13:45:00,459 [pool-1-thread-1] (CxScanJob.java:139) INFO  - Request scan
2012-05-31 13:45:00,473 [pool-1-thread-1] (CxScanJob.java:442) INFO  - isVisible to others flag: false
2012-05-31 13:45:02,206 [pool-1-thread-1] (CxScanJob.java:498) TRACE - Project scan request response:RunScanResult(scanId:2c0efc7e-c586-4875-ac50-9c37dbb36eec,projectId:11)
2012-05-31 13:45:02,236 [pool-2-thread-1] (WaitScanCompletionJob.java:62) TRACE - getScanStatus: GetStatusOfScanResult({ 2c0efc7e-c586-4875-ac50-9c37dbb36eec | QUEUED | 0 | 0 |  | 0 |  |  | 2012-5-31 3:45:33 | 2014-5-31 3:45:33 | -1 |  | 11| 0 | 11 | 0 })
2012-05-31 13:45:02,237 [pool-2-thread-1] (WaitScanCompletionJob.java:74) INFO  - Total scan worked: 0%
2012-05-31 13:45:02,238 [pool-2-thread-1] (WaitScanCompletionJob.java:110) INFO  - Scan state: QUEUED
2012-05-31 13:45:02,238 [pool-2-thread-1] (WaitScanCompletionJob.java:114) TRACE - QUEUED
 (0%) 
2012-05-31 13:46:02,285 [pool-2-thread-1] (WaitScanCompletionJob.java:62) TRACE - getScanStatus: GetStatusOfScanResult({ 2c0efc7e-c586-4875-ac50-9c37dbb36eec | WORKING | 43 | 19 | Optimizing internal representation, Stage 5 | 25 | Stage # 20 of 22 | Processing # 624 of 2496 | 2012-5-31 3:45:33 | 2014-5-31 3:45:33 | -1 | Stage # 20 of 22 | 11| 0 | 11 | 0 })
2012-05-31 13:46:02,286 [pool-2-thread-1] (WaitScanCompletionJob.java:74) INFO  - Total scan worked: 43%
2012-05-31 13:46:02,287 [pool-2-thread-1] (WaitScanCompletionJob.java:104) INFO  - Current stage:  "Optimizing internal representation, Stage 5" - Stage # 20 of 22
2012-05-31 13:46:02,287 [pool-2-thread-1] (WaitScanCompletionJob.java:114) TRACE - WORKING "Optimizing internal representation, Stage 5"
Stage # 20 of 22 (25%) Processing # 624 of 2496
2012-05-31 13:47:02,340 [pool-2-thread-1] (WaitScanCompletionJob.java:62) TRACE - getScanStatus: GetStatusOfScanResult({ 2c0efc7e-c586-4875-ac50-9c37dbb36eec | WORKING | 84 | 20 | Querying | 69 | Running query: SQL_Injection_Evasion_Attack | Processing # 87 of 126 | 2012-5-31 3:45:33 | 2014-5-31 3:45:33 | -1 | SQL_Injection_Evasion_Attack | 11| 0 | 11 | 14 })
2012-05-31 13:47:02,341 [pool-2-thread-1] (WaitScanCompletionJob.java:74) INFO  - Total scan worked: 84%
2012-05-31 13:47:02,341 [pool-2-thread-1] (WaitScanCompletionJob.java:104) INFO  - Current stage:  "Querying" - Running query: SQL_Injection_Evasion_Attack
2012-05-31 13:47:02,341 [pool-2-thread-1] (WaitScanCompletionJob.java:114) TRACE - WORKING "Querying"
Running query: SQL_Injection_Evasion_Attack (69%) Processing # 87 of 126
2012-05-31 13:48:02,377 [pool-2-thread-1] (WaitScanCompletionJob.java:62) TRACE - getScanStatus: GetStatusOfScanResult({ 2c0efc7e-c586-4875-ac50-9c37dbb36eec | FINISHED | 100 | 2147483647 |  | 0 | Finish saving results |  | 2012-5-31 3:45:33 | 2012-5-31 3:48:23 | -1 |  | 11| 14 | 11 | 14 })
2012-05-31 13:48:02,377 [pool-2-thread-1] (WaitScanCompletionJob.java:74) INFO  - Total scan worked: 100%
2012-05-31 13:48:02,378 [pool-2-thread-1] (WaitScanCompletionJob.java:108) INFO  - Current stage: Finish saving results
2012-05-31 13:48:02,379 [pool-2-thread-1] (WaitScanCompletionJob.java:114) TRACE - FINISHED
Finish saving results (0%) 
2012-05-31 13:48:02,379 [pool-2-thread-1] (WaitScanCompletionJob.java:126) INFO  - Finish saving results
2012-05-31 13:48:02,380 [pool-1-thread-1] (CxScanJob.java:170) INFO  - Retrieving results
2012-05-31 13:51:05,895 [pool-1-thread-1] (CxScanJob.java:87) INFO  - Packing project
2012-05-31 13:51:06,780 [pool-1-thread-1] (CxScanJob.java:106) INFO  - Project name is "BS_CS"
2012-05-31 13:51:09,920 [pool-1-thread-1] (CxScanJob.java:264) INFO  - Check CLI version support: 1.2.10
2012-05-31 13:51:09,998 [pool-1-thread-1] (CxScanJob.java:279) INFO  - Log in
2012-05-31 13:51:10,384 [pool-1-thread-1] (CxScanJob.java:118) INFO  - Retrieving scan configurations
2012-05-31 13:51:10,619 [pool-1-thread-1] (CxScanJob.java:139) INFO  - Request scan
2012-05-31 13:51:10,633 [pool-1-thread-1] (CxScanJob.java:442) INFO  - isVisible to others flag: false
2012-05-31 13:51:12,618 [pool-1-thread-1] (CxScanJob.java:498) TRACE - Project scan request response:RunScanResult(scanId:336288f4-6479-483c-982d-76ce824f474a,projectId:12)
2012-05-31 13:51:12,672 [pool-2-thread-1] (WaitScanCompletionJob.java:62) TRACE - getScanStatus: GetStatusOfScanResult({ 336288f4-6479-483c-982d-76ce824f474a | QUEUED | 0 | 0 |  | 0 |  |  | 2012-5-31 3:51:43 | 2014-5-31 3:51:43 | -1 |  | 12| 0 | 12 | 0 })
2012-05-31 13:51:12,673 [pool-2-thread-1] (WaitScanCompletionJob.java:74) INFO  - Total scan worked: 0%
2012-05-31 13:51:12,676 [pool-2-thread-1] (WaitScanCompletionJob.java:110) INFO  - Scan state: QUEUED
2012-05-31 13:51:12,677 [pool-2-thread-1] (WaitScanCompletionJob.java:114) TRACE - QUEUED
 (0%) 
2012-05-31 13:52:12,753 [pool-2-thread-1] (WaitScanCompletionJob.java:62) TRACE - getScanStatus: GetStatusOfScanResult({ 336288f4-6479-483c-982d-76ce824f474a | WORKING | 43 | 19 | Optimizing internal representation, Stage 5 | 25 | Stage # 20 of 22 | Processing # 624 of 2496 | 2012-5-31 3:51:43 | 2014-5-31 3:51:43 | -1 | Stage # 20 of 22 | 12| 0 | 12 | 0 })
2012-05-31 13:52:12,754 [pool-2-thread-1] (WaitScanCompletionJob.java:74) INFO  - Total scan worked: 43%
2012-05-31 13:52:12,756 [pool-2-thread-1] (WaitScanCompletionJob.java:104) INFO  - Current stage:  "Optimizing internal representation, Stage 5" - Stage # 20 of 22
2012-05-31 13:52:12,757 [pool-2-thread-1] (WaitScanCompletionJob.java:114) TRACE - WORKING "Optimizing internal representation, Stage 5"
Stage # 20 of 22 (25%) Processing # 624 of 2496
2012-05-31 13:53:12,873 [pool-2-thread-1] (WaitScanCompletionJob.java:62) TRACE - getScanStatus: GetStatusOfScanResult({ 336288f4-6479-483c-982d-76ce824f474a | WORKING | 80 | 20 | Querying | 61 | Running query: Hardcoded_password_in_Connection_String | Processing # 78 of 126 | 2012-5-31 3:51:43 | 2014-5-31 3:51:43 | -1 | Hardcoded_password_in_Connection_String | 12| 0 | 12 | 15 })
2012-05-31 13:53:12,873 [pool-2-thread-1] (WaitScanCompletionJob.java:74) INFO  - Total scan worked: 80%
2012-05-31 13:53:12,874 [pool-2-thread-1] (WaitScanCompletionJob.java:104) INFO  - Current stage:  "Querying" - Running query: Hardcoded_password_in_Connection_String
2012-05-31 13:53:12,875 [pool-2-thread-1] (WaitScanCompletionJob.java:114) TRACE - WORKING "Querying"
Running query: Hardcoded_password_in_Connection_String (61%) Processing # 78 of 126
2012-05-31 13:54:12,924 [pool-2-thread-1] (WaitScanCompletionJob.java:62) TRACE - getScanStatus: GetStatusOfScanResult({ 336288f4-6479-483c-982d-76ce824f474a | FINISHED | 100 | 2147483647 |  | 0 | Finish saving results |  | 2012-5-31 3:51:43 | 2012-5-31 3:54:35 | -1 |  | 12| 15 | 12 | 15 })
2012-05-31 13:54:12,925 [pool-2-thread-1] (WaitScanCompletionJob.java:74) INFO  - Total scan worked: 100%
2012-05-31 13:54:12,925 [pool-2-thread-1] (WaitScanCompletionJob.java:108) INFO  - Current stage: Finish saving results
2012-05-31 13:54:12,926 [pool-2-thread-1] (WaitScanCompletionJob.java:114) TRACE - FINISHED
Finish saving results (0%) 
2012-05-31 13:54:12,927 [pool-2-thread-1] (WaitScanCompletionJob.java:126) INFO  - Finish saving results
2012-05-31 13:54:12,928 [pool-1-thread-1] (CxScanJob.java:170) INFO  - Retrieving results
2012-05-31 13:56:04,752 [pool-1-thread-1] (CxScanJob.java:87) INFO  - Packing project
2012-05-31 13:56:05,185 [pool-1-thread-1] (CxScanJob.java:106) INFO  - Project name is "BS_CS"
2012-05-31 13:56:07,815 [pool-1-thread-1] (CxScanJob.java:264) INFO  - Check CLI version support: 1.2.10
2012-05-31 13:56:07,864 [pool-1-thread-1] (CxScanJob.java:279) INFO  - Log in
2012-05-31 13:56:08,255 [pool-1-thread-1] (CxScanJob.java:118) INFO  - Retrieving scan configurations
2012-05-31 13:56:08,429 [pool-1-thread-1] (CxScanJob.java:139) INFO  - Request scan
2012-05-31 13:56:08,449 [pool-1-thread-1] (CxScanJob.java:442) INFO  - isVisible to others flag: false
2012-05-31 13:56:10,850 [pool-1-thread-1] (CxScanJob.java:498) TRACE - Project scan request response:RunScanResult(scanId:ce70cf99-f452-4ce7-8400-edb178448428,projectId:13)
2012-05-31 13:56:10,879 [pool-2-thread-1] (WaitScanCompletionJob.java:62) TRACE - getScanStatus: GetStatusOfScanResult({ ce70cf99-f452-4ce7-8400-edb178448428 | QUEUED | 0 | 0 |  | 0 |  |  | 2012-5-31 3:56:41 | 2014-5-31 3:56:41 | -1 |  | 13| 0 | 13 | 0 })
2012-05-31 13:56:10,880 [pool-2-thread-1] (WaitScanCompletionJob.java:74) INFO  - Total scan worked: 0%
2012-05-31 13:56:10,881 [pool-2-thread-1] (WaitScanCompletionJob.java:110) INFO  - Scan state: QUEUED
2012-05-31 13:56:10,881 [pool-2-thread-1] (WaitScanCompletionJob.java:114) TRACE - QUEUED
 (0%) 
2012-05-31 13:57:10,919 [pool-2-thread-1] (WaitScanCompletionJob.java:62) TRACE - getScanStatus: GetStatusOfScanResult({ ce70cf99-f452-4ce7-8400-edb178448428 | WORKING | 43 | 19 | Optimizing internal representation, Stage 5 | 13 | Stage # 20 of 22 | Processing # 337 of 2496 | 2012-5-31 3:56:41 | 2014-5-31 3:56:41 | -1 | Stage # 20 of 22 | 13| 0 | 13 | 0 })
2012-05-31 13:57:10,920 [pool-2-thread-1] (WaitScanCompletionJob.java:74) INFO  - Total scan worked: 43%
2012-05-31 13:57:10,921 [pool-2-thread-1] (WaitScanCompletionJob.java:104) INFO  - Current stage:  "Optimizing internal representation, Stage 5" - Stage # 20 of 22
2012-05-31 13:57:10,922 [pool-2-thread-1] (WaitScanCompletionJob.java:114) TRACE - WORKING "Optimizing internal representation, Stage 5"
Stage # 20 of 22 (13%) Processing # 337 of 2496
2012-05-31 13:58:11,221 [pool-2-thread-1] (WaitScanCompletionJob.java:62) TRACE - getScanStatus: GetStatusOfScanResult({ ce70cf99-f452-4ce7-8400-edb178448428 | WORKING | 70 | 20 | Querying | 41 | Running query: Improper_Transaction_Handling | Processing # 52 of 126 | 2012-5-31 3:56:41 | 2014-5-31 3:56:41 | -1 | Improper_Transaction_Handling | 13| 0 | 13 | 16 })
2012-05-31 13:58:11,221 [pool-2-thread-1] (WaitScanCompletionJob.java:74) INFO  - Total scan worked: 70%
2012-05-31 13:58:11,222 [pool-2-thread-1] (WaitScanCompletionJob.java:104) INFO  - Current stage:  "Querying" - Running query: Improper_Transaction_Handling
2012-05-31 13:58:11,223 [pool-2-thread-1] (WaitScanCompletionJob.java:114) TRACE - WORKING "Querying"
Running query: Improper_Transaction_Handling (41%) Processing # 52 of 126
2012-05-31 13:59:11,460 [pool-2-thread-1] (WaitScanCompletionJob.java:62) TRACE - getScanStatus: GetStatusOfScanResult({ ce70cf99-f452-4ce7-8400-edb178448428 | WORKING | 99 | 20 | null | 0 | Saving results... | null | 2012-5-31 3:56:41 | 2012-5-31 3:59:22 | -1 | Weak_Password_Authentication | 13| 0 | 13 | 16 })
2012-05-31 13:59:11,461 [pool-2-thread-1] (WaitScanCompletionJob.java:74) INFO  - Total scan worked: 99%
2012-05-31 13:59:11,462 [pool-2-thread-1] (WaitScanCompletionJob.java:108) INFO  - Current stage: Saving results...
2012-05-31 13:59:11,462 [pool-2-thread-1] (WaitScanCompletionJob.java:114) TRACE - WORKING
Saving results... (0%) 
2012-05-31 14:00:11,540 [pool-2-thread-1] (WaitScanCompletionJob.java:62) TRACE - getScanStatus: GetStatusOfScanResult({ ce70cf99-f452-4ce7-8400-edb178448428 | FINISHED | 100 | 2147483647 |  | 0 | Finish saving results |  | 2012-5-31 3:56:41 | 2012-5-31 3:59:54 | -1 |  | 13| 16 | 13 | 16 })
2012-05-31 14:00:11,541 [pool-2-thread-1] (WaitScanCompletionJob.java:74) INFO  - Total scan worked: 100%
2012-05-31 14:00:11,542 [pool-2-thread-1] (WaitScanCompletionJob.java:108) INFO  - Current stage: Finish saving results
2012-05-31 14:00:11,551 [pool-2-thread-1] (WaitScanCompletionJob.java:114) TRACE - FINISHED
Finish saving results (0%) 
2012-05-31 14:00:11,552 [pool-2-thread-1] (WaitScanCompletionJob.java:126) INFO  - Finish saving results
2012-05-31 14:00:11,553 [pool-1-thread-1] (CxScanJob.java:170) INFO  - Retrieving results
2012-05-31 14:00:49,684 [pool-1-thread-1] (CxScanJob.java:87) INFO  - Packing project
2012-05-31 14:00:50,025 [pool-1-thread-1] (CxScanJob.java:106) INFO  - Project name is "BS_CS"
2012-05-31 14:00:52,380 [pool-1-thread-1] (CxScanJob.java:264) INFO  - Check CLI version support: 1.2.10
2012-05-31 14:00:52,432 [pool-1-thread-1] (CxScanJob.java:279) INFO  - Log in
2012-05-31 14:00:52,736 [pool-1-thread-1] (CxScanJob.java:118) INFO  - Retrieving scan configurations
2012-05-31 14:00:52,937 [pool-1-thread-1] (CxScanJob.java:139) INFO  - Request scan
2012-05-31 14:00:52,960 [pool-1-thread-1] (CxScanJob.java:442) INFO  - isVisible to others flag: false
2012-05-31 14:00:54,824 [pool-1-thread-1] (CxScanJob.java:498) TRACE - Project scan request response:RunScanResult(scanId:bc7514fc-0e18-4804-b53a-2226c3d36a21,projectId:14)
2012-05-31 14:00:54,853 [pool-2-thread-1] (WaitScanCompletionJob.java:62) TRACE - getScanStatus: GetStatusOfScanResult({ bc7514fc-0e18-4804-b53a-2226c3d36a21 | QUEUED | 0 | 0 |  | 0 |  |  | 2012-5-31 4:1:25 | 2014-5-31 4:1:25 | -1 |  | 14| 0 | 14 | 0 })
2012-05-31 14:00:54,854 [pool-2-thread-1] (WaitScanCompletionJob.java:74) INFO  - Total scan worked: 0%
2012-05-31 14:00:54,855 [pool-2-thread-1] (WaitScanCompletionJob.java:110) INFO  - Scan state: QUEUED
2012-05-31 14:00:54,855 [pool-2-thread-1] (WaitScanCompletionJob.java:114) TRACE - QUEUED
 (0%) 
2012-05-31 14:01:54,903 [pool-2-thread-1] (WaitScanCompletionJob.java:62) TRACE - getScanStatus: GetStatusOfScanResult({ bc7514fc-0e18-4804-b53a-2226c3d36a21 | WORKING | 43 | 19 | Optimizing internal representation, Stage 5 | 8 | Stage # 20 of 22 | Processing # 224 of 2496 | 2012-5-31 4:1:25 | 2014-5-31 4:1:25 | -1 | Stage # 20 of 22 | 14| 0 | 14 | 0 })
2012-05-31 14:01:54,904 [pool-2-thread-1] (WaitScanCompletionJob.java:74) INFO  - Total scan worked: 43%
2012-05-31 14:01:54,905 [pool-2-thread-1] (WaitScanCompletionJob.java:104) INFO  - Current stage:  "Optimizing internal representation, Stage 5" - Stage # 20 of 22
2012-05-31 14:01:54,906 [pool-2-thread-1] (WaitScanCompletionJob.java:114) TRACE - WORKING "Optimizing internal representation, Stage 5"
Stage # 20 of 22 (8%) Processing # 224 of 2496
2012-05-31 14:02:55,005 [pool-2-thread-1] (WaitScanCompletionJob.java:62) TRACE - getScanStatus: GetStatusOfScanResult({ bc7514fc-0e18-4804-b53a-2226c3d36a21 | WORKING | 76 | 20 | Querying | 52 | Running query: URL_Canonicalization_Issue | Processing # 66 of 126 | 2012-5-31 4:1:25 | 2014-5-31 4:1:25 | -1 | URL_Canonicalization_Issue | 14| 0 | 14 | 17 })
2012-05-31 14:02:55,006 [pool-2-thread-1] (WaitScanCompletionJob.java:74) INFO  - Total scan worked: 76%
2012-05-31 14:02:55,008 [pool-2-thread-1] (WaitScanCompletionJob.java:104) INFO  - Current stage:  "Querying" - Running query: URL_Canonicalization_Issue
2012-05-31 14:02:55,009 [pool-2-thread-1] (WaitScanCompletionJob.java:114) TRACE - WORKING "Querying"
Running query: URL_Canonicalization_Issue (52%) Processing # 66 of 126
2012-05-31 14:03:55,049 [pool-2-thread-1] (WaitScanCompletionJob.java:62) TRACE - getScanStatus: GetStatusOfScanResult({ bc7514fc-0e18-4804-b53a-2226c3d36a21 | FINISHED | 100 | 2147483647 |  | 0 | Finish saving results |  | 2012-5-31 4:1:25 | 2012-5-31 4:4:25 | -1 |  | 14| 17 | 14 | 17 })
2012-05-31 14:03:55,050 [pool-2-thread-1] (WaitScanCompletionJob.java:74) INFO  - Total scan worked: 100%
2012-05-31 14:03:55,051 [pool-2-thread-1] (WaitScanCompletionJob.java:108) INFO  - Current stage: Finish saving results
2012-05-31 14:03:55,051 [pool-2-thread-1] (WaitScanCompletionJob.java:114) TRACE - FINISHED
Finish saving results (0%) 
2012-05-31 14:03:55,052 [pool-2-thread-1] (WaitScanCompletionJob.java:126) INFO  - Finish saving results
2012-05-31 14:03:55,053 [pool-1-thread-1] (CxScanJob.java:170) INFO  - Retrieving results
2012-05-31 15:14:34,231 [pool-1-thread-1] (CxScanJob.java:87) INFO  - Packing project
2012-05-31 15:14:34,551 [pool-1-thread-1] (CxScanJob.java:106) INFO  - Project name is "BS_CS"
2012-05-31 15:14:37,001 [pool-1-thread-1] (CxScanJob.java:264) INFO  - Check CLI version support: 1.2.11
2012-05-31 15:14:37,049 [pool-1-thread-1] (CxScanJob.java:279) INFO  - Log in
2012-05-31 15:14:37,451 [pool-1-thread-1] (CxScanJob.java:118) INFO  - Retrieving scan configurations
2012-05-31 15:14:37,607 [pool-1-thread-1] (CxScanJob.java:139) INFO  - Request scan
2012-05-31 15:14:37,622 [pool-1-thread-1] (CxScanJob.java:442) INFO  - isVisible to others flag: false
2012-05-31 15:14:40,410 [pool-1-thread-1] (CxScanJob.java:498) TRACE - Project scan request response:RunScanResult(scanId:39d921b3-e0b7-4181-a74a-dac7c6467aab,projectId:15)
2012-05-31 15:14:40,453 [pool-2-thread-1] (WaitScanCompletionJob.java:62) TRACE - getScanStatus: GetStatusOfScanResult({ 39d921b3-e0b7-4181-a74a-dac7c6467aab | QUEUED | 0 | 0 |  | 0 |  |  | 2012-5-31 5:15:11 | 2014-5-31 5:15:11 | -1 |  | 15| 0 | 15 | 0 })
2012-05-31 15:14:40,454 [pool-2-thread-1] (WaitScanCompletionJob.java:74) INFO  - Total scan worked: 0%
2012-05-31 15:14:40,455 [pool-2-thread-1] (WaitScanCompletionJob.java:110) INFO  - Scan state: QUEUED
2012-05-31 15:14:40,455 [pool-2-thread-1] (WaitScanCompletionJob.java:114) TRACE - QUEUED
 (0%) 
2012-05-31 15:15:40,497 [pool-2-thread-1] (WaitScanCompletionJob.java:62) TRACE - getScanStatus: GetStatusOfScanResult({ 39d921b3-e0b7-4181-a74a-dac7c6467aab | WORKING | 40 | 18 | Optimizing internal representation, Stage 4 | 100 | Stage # 19 of 22 | Processing # 2415 of 2415 | 2012-5-31 5:15:11 | 2014-5-31 5:15:11 | -1 | Book_Store.CCUtility.FillDataSet | 15| 0 | 15 | 0 })
2012-05-31 15:15:40,498 [pool-2-thread-1] (WaitScanCompletionJob.java:74) INFO  - Total scan worked: 40%
2012-05-31 15:15:40,499 [pool-2-thread-1] (WaitScanCompletionJob.java:104) INFO  - Current stage:  "Optimizing internal representation, Stage 4" - Stage # 19 of 22
2012-05-31 15:15:40,500 [pool-2-thread-1] (WaitScanCompletionJob.java:114) TRACE - WORKING "Optimizing internal representation, Stage 4"
Stage # 19 of 22 (100%) Processing # 2415 of 2415
2012-05-31 15:16:40,547 [pool-2-thread-1] (WaitScanCompletionJob.java:62) TRACE - getScanStatus: GetStatusOfScanResult({ 39d921b3-e0b7-4181-a74a-dac7c6467aab | WORKING | 65 | 20 | Querying | 31 | Running query: Blind_SQL_Injections | Processing # 40 of 126 | 2012-5-31 5:15:11 | 2014-5-31 5:15:11 | -1 | Blind_SQL_Injections | 15| 0 | 15 | 18 })
2012-05-31 15:16:40,547 [pool-2-thread-1] (WaitScanCompletionJob.java:74) INFO  - Total scan worked: 65%
2012-05-31 15:16:40,548 [pool-2-thread-1] (WaitScanCompletionJob.java:104) INFO  - Current stage:  "Querying" - Running query: Blind_SQL_Injections
2012-05-31 15:16:40,549 [pool-2-thread-1] (WaitScanCompletionJob.java:114) TRACE - WORKING "Querying"
Running query: Blind_SQL_Injections (31%) Processing # 40 of 126
2012-05-31 15:17:40,588 [pool-2-thread-1] (WaitScanCompletionJob.java:62) TRACE - getScanStatus: GetStatusOfScanResult({ 39d921b3-e0b7-4181-a74a-dac7c6467aab | WORKING | 99 | 20 | null | 0 | Saving results... | null | 2012-5-31 5:15:11 | 2012-5-31 5:17:59 | -1 | Weak_Password_Authentication | 15| 0 | 15 | 18 })
2012-05-31 15:17:40,588 [pool-2-thread-1] (WaitScanCompletionJob.java:74) INFO  - Total scan worked: 99%
2012-05-31 15:17:40,589 [pool-2-thread-1] (WaitScanCompletionJob.java:108) INFO  - Current stage: Saving results...
2012-05-31 15:17:40,589 [pool-2-thread-1] (WaitScanCompletionJob.java:114) TRACE - WORKING
Saving results... (0%) 
2012-05-31 15:18:40,615 [pool-2-thread-1] (WaitScanCompletionJob.java:62) TRACE - getScanStatus: GetStatusOfScanResult({ 39d921b3-e0b7-4181-a74a-dac7c6467aab | FINISHED | 100 | 2147483647 |  | 0 | Finish saving results |  | 2012-5-31 5:15:11 | 2012-5-31 5:18:29 | -1 |  | 15| 18 | 15 | 18 })
2012-05-31 15:18:40,615 [pool-2-thread-1] (WaitScanCompletionJob.java:74) INFO  - Total scan worked: 100%
2012-05-31 15:18:40,616 [pool-2-thread-1] (WaitScanCompletionJob.java:108) INFO  - Current stage: Finish saving results
2012-05-31 15:18:40,622 [pool-2-thread-1] (WaitScanCompletionJob.java:114) TRACE - FINISHED
Finish saving results (0%) 
2012-05-31 15:18:40,623 [pool-2-thread-1] (WaitScanCompletionJob.java:126) INFO  - Finish saving results
2012-05-31 15:18:40,623 [pool-1-thread-1] (CxScanJob.java:170) INFO  - Retrieving results
