2012-05-31 11:09:02,865 [pool-1-thread-1] (CxScanJob.java:87) INFO  - Packing project
2012-05-31 11:09:07,604 [pool-1-thread-1] (CxScanJob.java:106) INFO  - Project name is "BS_Java_Lital"
2012-05-31 11:09:10,280 [pool-1-thread-1] (CxScanJob.java:264) INFO  - Check CLI version support: 1.2.10
2012-05-31 11:09:13,189 [pool-1-thread-1] (CxScanJob.java:279) INFO  - Log in
2012-05-31 11:09:13,604 [pool-1-thread-1] (CxScanJob.java:118) INFO  - Retrieving scan configurations
2012-05-31 11:09:14,028 [pool-1-thread-1] (CxScanJob.java:139) INFO  - Request scan
2012-05-31 11:09:14,711 [pool-1-thread-1] (CxScanJob.java:442) INFO  - isVisible to others flag: false
2012-05-31 11:09:17,953 [pool-1-thread-1] (CxScanJob.java:498) TRACE - Project scan request response:RunScanResult(scanId:96128669-d28c-469d-b6f9-ff4bbfdc634f,projectId:1)
2012-05-31 11:09:18,044 [pool-2-thread-1] (WaitScanCompletionJob.java:62) TRACE - getScanStatus: GetStatusOfScanResult({ 96128669-d28c-469d-b6f9-ff4bbfdc634f | QUEUED | 0 | 0 |  | 0 |  |  | 2012-5-31 1:9:48 | 2014-5-31 1:9:48 | -1 |  | 1| 0 | 1 | 0 })
2012-05-31 11:09:18,046 [pool-2-thread-1] (WaitScanCompletionJob.java:74) INFO  - Total scan worked: 0%
2012-05-31 11:09:18,046 [pool-2-thread-1] (WaitScanCompletionJob.java:110) INFO  - Scan state: QUEUED
2012-05-31 11:09:18,047 [pool-2-thread-1] (WaitScanCompletionJob.java:114) TRACE - QUEUED
 (0%) 
2012-05-31 11:10:18,122 [pool-2-thread-1] (WaitScanCompletionJob.java:62) TRACE - getScanStatus: GetStatusOfScanResult({ 96128669-d28c-469d-b6f9-ff4bbfdc634f | WORKING | 38 | 17 | Optimizing internal representation, Stage 3 | 51 | Stage # 18 of 22 | Processing # 320 of 624 | 2012-5-31 1:9:48 | 2014-5-31 1:9:48 | -1 | Book_Store.Default.Weekly_Repeater_ItemDataBound | 1| 0 | 1 | 0 })
2012-05-31 11:10:18,123 [pool-2-thread-1] (WaitScanCompletionJob.java:74) INFO  - Total scan worked: 38%
2012-05-31 11:10:18,123 [pool-2-thread-1] (WaitScanCompletionJob.java:104) INFO  - Current stage:  "Optimizing internal representation, Stage 3" - Stage # 18 of 22
2012-05-31 11:10:18,124 [pool-2-thread-1] (WaitScanCompletionJob.java:114) TRACE - WORKING "Optimizing internal representation, Stage 3"
Stage # 18 of 22 (51%) Processing # 320 of 624
2012-05-31 11:11:18,249 [pool-2-thread-1] (WaitScanCompletionJob.java:62) TRACE - getScanStatus: GetStatusOfScanResult({ 96128669-d28c-469d-b6f9-ff4bbfdc634f | WORKING | 61 | 20 | Querying | 23 | Running query: Heuristic_Stored_XSS | Processing # 30 of 126 | 2012-5-31 1:9:48 | 2014-5-31 1:9:48 | -1 | Heuristic_Stored_XSS | 1| 0 | 1 | 1 })
2012-05-31 11:11:18,249 [pool-2-thread-1] (WaitScanCompletionJob.java:74) INFO  - Total scan worked: 61%
2012-05-31 11:11:18,250 [pool-2-thread-1] (WaitScanCompletionJob.java:104) INFO  - Current stage:  "Querying" - Running query: Heuristic_Stored_XSS
2012-05-31 11:11:18,250 [pool-2-thread-1] (WaitScanCompletionJob.java:114) TRACE - WORKING "Querying"
Running query: Heuristic_Stored_XSS (23%) Processing # 30 of 126
2012-05-31 11:12:18,290 [pool-2-thread-1] (WaitScanCompletionJob.java:62) TRACE - getScanStatus: GetStatusOfScanResult({ 96128669-d28c-469d-b6f9-ff4bbfdc634f | WORKING | 99 | 20 | null | 0 | Saving results... | null | 2012-5-31 1:9:48 | 2012-5-31 1:12:37 | -1 | Weak_Password_Authentication | 1| 0 | 1 | 1 })
2012-05-31 11:12:18,291 [pool-2-thread-1] (WaitScanCompletionJob.java:74) INFO  - Total scan worked: 99%
2012-05-31 11:12:18,292 [pool-2-thread-1] (WaitScanCompletionJob.java:108) INFO  - Current stage: Saving results...
2012-05-31 11:12:18,292 [pool-2-thread-1] (WaitScanCompletionJob.java:114) TRACE - WORKING
Saving results... (0%) 
2012-05-31 11:13:18,346 [pool-2-thread-1] (WaitScanCompletionJob.java:62) TRACE - getScanStatus: GetStatusOfScanResult({ 96128669-d28c-469d-b6f9-ff4bbfdc634f | FINISHED | 100 | 2147483647 |  | 0 | Finish saving results |  | 2012-5-31 1:9:48 | 2012-5-31 1:13:5 | -1 |  | 1| 1 | 1 | 1 })
2012-05-31 11:13:18,347 [pool-2-thread-1] (WaitScanCompletionJob.java:74) INFO  - Total scan worked: 100%
2012-05-31 11:13:18,355 [pool-2-thread-1] (WaitScanCompletionJob.java:108) INFO  - Current stage: Finish saving results
2012-05-31 11:13:18,356 [pool-2-thread-1] (WaitScanCompletionJob.java:114) TRACE - FINISHED
Finish saving results (0%) 
2012-05-31 11:13:18,356 [pool-2-thread-1] (WaitScanCompletionJob.java:126) INFO  - Finish saving results
2012-05-31 11:13:18,357 [pool-1-thread-1] (CxScanJob.java:170) INFO  - Retrieving results
2012-05-31 11:16:26,548 [pool-1-thread-1] (CxScanJob.java:87) INFO  - Packing project
2012-05-31 11:16:27,509 [pool-1-thread-1] (CxScanJob.java:106) INFO  - Project name is "BS_Java_Lital"
2012-05-31 11:16:30,155 [pool-1-thread-1] (CxScanJob.java:264) INFO  - Check CLI version support: 1.2.10
2012-05-31 11:16:30,221 [pool-1-thread-1] (CxScanJob.java:279) INFO  - Log in
2012-05-31 11:16:30,525 [pool-1-thread-1] (CxScanJob.java:118) INFO  - Retrieving scan configurations
2012-05-31 11:16:30,687 [pool-1-thread-1] (CxScanJob.java:139) INFO  - Request scan
2012-05-31 11:16:30,707 [pool-1-thread-1] (CxScanJob.java:442) INFO  - isVisible to others flag: false
2012-05-31 11:16:32,435 [pool-1-thread-1] (CxScanJob.java:498) TRACE - Project scan request response:RunScanResult(scanId:e960d0c5-5528-4d06-8024-e263bda1ba2d,projectId:2)
2012-05-31 11:16:32,467 [pool-2-thread-1] (WaitScanCompletionJob.java:62) TRACE - getScanStatus: GetStatusOfScanResult({ e960d0c5-5528-4d06-8024-e263bda1ba2d | QUEUED | 0 | 0 |  | 0 |  |  | 2012-5-31 1:17:2 | 2014-5-31 1:17:2 | -1 |  | 2| 0 | 2 | 0 })
2012-05-31 11:16:32,467 [pool-2-thread-1] (WaitScanCompletionJob.java:74) INFO  - Total scan worked: 0%
2012-05-31 11:16:32,468 [pool-2-thread-1] (WaitScanCompletionJob.java:110) INFO  - Scan state: QUEUED
2012-05-31 11:16:32,468 [pool-2-thread-1] (WaitScanCompletionJob.java:114) TRACE - QUEUED
 (0%) 
2012-05-31 11:17:32,529 [pool-2-thread-1] (WaitScanCompletionJob.java:62) TRACE - getScanStatus: GetStatusOfScanResult({ e960d0c5-5528-4d06-8024-e263bda1ba2d | WORKING | 43 | 19 | Optimizing internal representation, Stage 5 | 42 | Stage # 20 of 22 | Processing # 1070 of 2496 | 2012-5-31 1:17:2 | 2014-5-31 1:17:2 | -1 | Stage # 20 of 22 | 2| 0 | 2 | 0 })
2012-05-31 11:17:32,529 [pool-2-thread-1] (WaitScanCompletionJob.java:74) INFO  - Total scan worked: 43%
2012-05-31 11:17:32,530 [pool-2-thread-1] (WaitScanCompletionJob.java:104) INFO  - Current stage:  "Optimizing internal representation, Stage 5" - Stage # 20 of 22
2012-05-31 11:17:32,530 [pool-2-thread-1] (WaitScanCompletionJob.java:114) TRACE - WORKING "Optimizing internal representation, Stage 5"
Stage # 20 of 22 (42%) Processing # 1070 of 2496
2012-05-31 11:18:32,590 [pool-2-thread-1] (WaitScanCompletionJob.java:62) TRACE - getScanStatus: GetStatusOfScanResult({ e960d0c5-5528-4d06-8024-e263bda1ba2d | WORKING | 95 | 20 | Querying | 90 | Running query: DOM_XSRF | Processing # 114 of 126 | 2012-5-31 1:17:2 | 2014-5-31 1:17:2 | -1 | DOM_XSRF | 2| 0 | 2 | 2 })
2012-05-31 11:18:32,591 [pool-2-thread-1] (WaitScanCompletionJob.java:74) INFO  - Total scan worked: 95%
2012-05-31 11:18:32,592 [pool-2-thread-1] (WaitScanCompletionJob.java:104) INFO  - Current stage:  "Querying" - Running query: DOM_XSRF
2012-05-31 11:18:32,593 [pool-2-thread-1] (WaitScanCompletionJob.java:114) TRACE - WORKING "Querying"
Running query: DOM_XSRF (90%) Processing # 114 of 126
2012-05-31 11:19:32,706 [pool-2-thread-1] (WaitScanCompletionJob.java:62) TRACE - getScanStatus: GetStatusOfScanResult({ e960d0c5-5528-4d06-8024-e263bda1ba2d | FINISHED | 100 | 2147483647 |  | 0 | Finish saving results |  | 2012-5-31 1:17:2 | 2012-5-31 1:19:38 | -1 |  | 2| 2 | 2 | 2 })
2012-05-31 11:19:32,724 [pool-2-thread-1] (WaitScanCompletionJob.java:74) INFO  - Total scan worked: 100%
2012-05-31 11:19:32,733 [pool-2-thread-1] (WaitScanCompletionJob.java:108) INFO  - Current stage: Finish saving results
2012-05-31 11:19:32,735 [pool-2-thread-1] (WaitScanCompletionJob.java:114) TRACE - FINISHED
Finish saving results (0%) 
2012-05-31 11:19:32,735 [pool-2-thread-1] (WaitScanCompletionJob.java:126) INFO  - Finish saving results
2012-05-31 11:19:32,756 [pool-1-thread-1] (CxScanJob.java:170) INFO  - Retrieving results
2012-05-31 11:21:22,512 [pool-1-thread-1] (CxScanJob.java:87) INFO  - Packing project
2012-05-31 11:21:34,124 [pool-1-thread-1] (CxScanJob.java:106) INFO  - Project name is "BS_Java_Lital"
2012-05-31 11:21:37,115 [pool-1-thread-1] (CxScanJob.java:264) INFO  - Check CLI version support: 1.2.10
2012-05-31 11:21:37,192 [pool-1-thread-1] (CxScanJob.java:279) INFO  - Log in
2012-05-31 11:21:37,611 [pool-1-thread-1] (CxScanJob.java:118) INFO  - Retrieving scan configurations
2012-05-31 11:21:37,786 [pool-1-thread-1] (CxScanJob.java:139) INFO  - Request scan
2012-05-31 11:21:37,801 [pool-1-thread-1] (CxScanJob.java:442) INFO  - isVisible to others flag: false
2012-05-31 11:21:39,604 [pool-1-thread-1] (CxScanJob.java:498) TRACE - Project scan request response:RunScanResult(scanId:759ae8fb-cef8-4758-a18a-44f1a4969c7d,projectId:3)
2012-05-31 11:21:39,640 [pool-2-thread-1] (WaitScanCompletionJob.java:62) TRACE - getScanStatus: GetStatusOfScanResult({ 759ae8fb-cef8-4758-a18a-44f1a4969c7d | QUEUED | 0 | 0 |  | 0 |  |  | 2012-5-31 1:22:9 | 2014-5-31 1:22:9 | -1 |  | 3| 0 | 3 | 0 })
2012-05-31 11:21:39,641 [pool-2-thread-1] (WaitScanCompletionJob.java:74) INFO  - Total scan worked: 0%
2012-05-31 11:21:39,642 [pool-2-thread-1] (WaitScanCompletionJob.java:110) INFO  - Scan state: QUEUED
2012-05-31 11:21:39,643 [pool-2-thread-1] (WaitScanCompletionJob.java:114) TRACE - QUEUED
 (0%) 
2012-05-31 11:22:39,704 [pool-2-thread-1] (WaitScanCompletionJob.java:62) TRACE - getScanStatus: GetStatusOfScanResult({ 759ae8fb-cef8-4758-a18a-44f1a4969c7d | WORKING | 43 | 19 | Optimizing internal representation, Stage 5 | 25 | Stage # 20 of 22 | Processing # 624 of 2496 | 2012-5-31 1:22:9 | 2014-5-31 1:22:9 | -1 | Stage # 20 of 22 | 3| 0 | 3 | 0 })
2012-05-31 11:22:39,704 [pool-2-thread-1] (WaitScanCompletionJob.java:74) INFO  - Total scan worked: 43%
2012-05-31 11:22:39,705 [pool-2-thread-1] (WaitScanCompletionJob.java:104) INFO  - Current stage:  "Optimizing internal representation, Stage 5" - Stage # 20 of 22
2012-05-31 11:22:39,707 [pool-2-thread-1] (WaitScanCompletionJob.java:114) TRACE - WORKING "Optimizing internal representation, Stage 5"
Stage # 20 of 22 (25%) Processing # 624 of 2496
2012-05-31 11:23:40,129 [pool-2-thread-1] (WaitScanCompletionJob.java:62) TRACE - getScanStatus: GetStatusOfScanResult({ 759ae8fb-cef8-4758-a18a-44f1a4969c7d | WORKING | 88 | 20 | Querying | 76 | Running query: HttpOnlyCookies_XSS | Processing # 96 of 126 | 2012-5-31 1:22:9 | 2014-5-31 1:22:9 | -1 | HttpOnlyCookies_XSS | 3| 0 | 3 | 3 })
2012-05-31 11:23:40,129 [pool-2-thread-1] (WaitScanCompletionJob.java:74) INFO  - Total scan worked: 88%
2012-05-31 11:23:40,131 [pool-2-thread-1] (WaitScanCompletionJob.java:104) INFO  - Current stage:  "Querying" - Running query: HttpOnlyCookies_XSS
2012-05-31 11:23:40,131 [pool-2-thread-1] (WaitScanCompletionJob.java:114) TRACE - WORKING "Querying"
Running query: HttpOnlyCookies_XSS (76%) Processing # 96 of 126
2012-05-31 11:24:40,451 [pool-2-thread-1] (WaitScanCompletionJob.java:62) TRACE - getScanStatus: GetStatusOfScanResult({ 759ae8fb-cef8-4758-a18a-44f1a4969c7d | FINISHED | 100 | 2147483647 |  | 0 | Finish saving results |  | 2012-5-31 1:22:9 | 2012-5-31 1:24:58 | -1 |  | 3| 3 | 3 | 3 })
2012-05-31 11:24:40,452 [pool-2-thread-1] (WaitScanCompletionJob.java:74) INFO  - Total scan worked: 100%
2012-05-31 11:24:40,454 [pool-2-thread-1] (WaitScanCompletionJob.java:108) INFO  - Current stage: Finish saving results
2012-05-31 11:24:40,460 [pool-2-thread-1] (WaitScanCompletionJob.java:114) TRACE - FINISHED
Finish saving results (0%) 
2012-05-31 11:24:40,460 [pool-2-thread-1] (WaitScanCompletionJob.java:126) INFO  - Finish saving results
2012-05-31 11:24:40,464 [pool-1-thread-1] (CxScanJob.java:170) INFO  - Retrieving results
2012-05-31 11:26:26,517 [pool-1-thread-1] (CxScanJob.java:87) INFO  - Packing project
2012-05-31 11:26:27,871 [pool-1-thread-1] (CxScanJob.java:106) INFO  - Project name is "BS_Java_Lital"
2012-05-31 11:26:30,603 [pool-1-thread-1] (CxScanJob.java:264) INFO  - Check CLI version support: 1.2.10
2012-05-31 11:26:30,668 [pool-1-thread-1] (CxScanJob.java:279) INFO  - Log in
2012-05-31 11:26:31,178 [pool-1-thread-1] (CxScanJob.java:118) INFO  - Retrieving scan configurations
2012-05-31 11:26:31,729 [pool-1-thread-1] (CxScanJob.java:139) INFO  - Request scan
2012-05-31 11:26:31,746 [pool-1-thread-1] (CxScanJob.java:442) INFO  - isVisible to others flag: false
2012-05-31 11:26:33,597 [pool-1-thread-1] (CxScanJob.java:498) TRACE - Project scan request response:RunScanResult(scanId:fb1557aa-3ce2-41ad-92f2-940cb1d4b77c,projectId:4)
2012-05-31 11:26:33,629 [pool-2-thread-1] (WaitScanCompletionJob.java:62) TRACE - getScanStatus: GetStatusOfScanResult({ fb1557aa-3ce2-41ad-92f2-940cb1d4b77c | QUEUED | 0 | 0 |  | 0 |  |  | 2012-5-31 1:27:4 | 2014-5-31 1:27:4 | -1 |  | 4| 0 | 4 | 0 })
2012-05-31 11:26:33,630 [pool-2-thread-1] (WaitScanCompletionJob.java:74) INFO  - Total scan worked: 0%
2012-05-31 11:26:33,631 [pool-2-thread-1] (WaitScanCompletionJob.java:110) INFO  - Scan state: QUEUED
2012-05-31 11:26:33,631 [pool-2-thread-1] (WaitScanCompletionJob.java:114) TRACE - QUEUED
 (0%) 
2012-05-31 11:27:33,695 [pool-2-thread-1] (WaitScanCompletionJob.java:62) TRACE - getScanStatus: GetStatusOfScanResult({ fb1557aa-3ce2-41ad-92f2-940cb1d4b77c | WORKING | 43 | 19 | Optimizing internal representation, Stage 5 | 25 | Stage # 20 of 22 | Processing # 624 of 2496 | 2012-5-31 1:27:4 | 2014-5-31 1:27:4 | -1 | Stage # 20 of 22 | 4| 0 | 4 | 0 })
2012-05-31 11:27:33,695 [pool-2-thread-1] (WaitScanCompletionJob.java:74) INFO  - Total scan worked: 43%
2012-05-31 11:27:33,696 [pool-2-thread-1] (WaitScanCompletionJob.java:104) INFO  - Current stage:  "Optimizing internal representation, Stage 5" - Stage # 20 of 22
2012-05-31 11:27:33,697 [pool-2-thread-1] (WaitScanCompletionJob.java:114) TRACE - WORKING "Optimizing internal representation, Stage 5"
Stage # 20 of 22 (25%) Processing # 624 of 2496
2012-05-31 11:28:33,802 [pool-2-thread-1] (WaitScanCompletionJob.java:62) TRACE - getScanStatus: GetStatusOfScanResult({ fb1557aa-3ce2-41ad-92f2-940cb1d4b77c | WORKING | 91 | 20 | Querying | 82 | Running query: Client_Potential_ReDoS_In_Replace | Processing # 104 of 126 | 2012-5-31 1:27:4 | 2014-5-31 1:27:4 | -1 | Client_Potential_ReDoS_In_Replace | 4| 0 | 4 | 4 })
2012-05-31 11:28:33,803 [pool-2-thread-1] (WaitScanCompletionJob.java:74) INFO  - Total scan worked: 91%
2012-05-31 11:28:33,804 [pool-2-thread-1] (WaitScanCompletionJob.java:104) INFO  - Current stage:  "Querying" - Running query: Client_Potential_ReDoS_In_Replace
2012-05-31 11:28:33,805 [pool-2-thread-1] (WaitScanCompletionJob.java:114) TRACE - WORKING "Querying"
Running query: Client_Potential_ReDoS_In_Replace (82%) Processing # 104 of 126
2012-05-31 11:29:33,868 [pool-2-thread-1] (WaitScanCompletionJob.java:62) TRACE - getScanStatus: GetStatusOfScanResult({ fb1557aa-3ce2-41ad-92f2-940cb1d4b77c | FINISHED | 100 | 2147483647 |  | 0 | Finish saving results |  | 2012-5-31 1:27:4 | 2012-5-31 1:29:41 | -1 |  | 4| 4 | 4 | 4 })
2012-05-31 11:29:33,869 [pool-2-thread-1] (WaitScanCompletionJob.java:74) INFO  - Total scan worked: 100%
2012-05-31 11:29:33,870 [pool-2-thread-1] (WaitScanCompletionJob.java:108) INFO  - Current stage: Finish saving results
2012-05-31 11:29:33,871 [pool-2-thread-1] (WaitScanCompletionJob.java:114) TRACE - FINISHED
Finish saving results (0%) 
2012-05-31 11:29:33,871 [pool-2-thread-1] (WaitScanCompletionJob.java:126) INFO  - Finish saving results
2012-05-31 11:29:33,874 [pool-1-thread-1] (CxScanJob.java:170) INFO  - Retrieving results
2012-06-04 16:27:27,065 [pool-1-thread-1] (CxScanJob.java:87) INFO  - Packing project
2012-06-04 16:27:28,308 [pool-1-thread-1] (CxScanJob.java:106) INFO  - Project name is "BS_Java_Lital"
2012-06-04 16:27:31,024 [pool-1-thread-1] (CxScanJob.java:264) INFO  - Check CLI version support: 1.2.11
2012-06-04 16:27:31,221 [pool-1-thread-1] (CxScanJob.java:279) INFO  - Log in
2012-06-04 16:27:31,502 [pool-1-thread-1] (CxScanJob.java:118) INFO  - Retrieving scan configurations
2012-06-04 16:27:31,710 [pool-1-thread-1] (CxScanJob.java:139) INFO  - Request scan
2012-06-04 16:27:31,726 [pool-1-thread-1] (CxScanJob.java:442) INFO  - isVisible to others flag: false
2012-06-04 16:27:35,019 [pool-1-thread-1] (CxScanJob.java:498) TRACE - Project scan request response:RunScanResult(scanId:0b6a1fbc-5086-42f3-8272-2044dbd4b4b6,projectId:2)
2012-06-04 16:27:35,136 [pool-2-thread-1] (WaitScanCompletionJob.java:62) TRACE - getScanStatus: GetStatusOfScanResult({ 0b6a1fbc-5086-42f3-8272-2044dbd4b4b6 | QUEUED | 0 | 0 |  | 0 |  |  | 2012-6-4 15:28:8 | 2014-6-4 15:28:8 | -1 |  | 2| 0 | 2 | 0 })
2012-06-04 16:27:35,137 [pool-2-thread-1] (WaitScanCompletionJob.java:74) INFO  - Total scan worked: 0%
2012-06-04 16:27:35,138 [pool-2-thread-1] (WaitScanCompletionJob.java:110) INFO  - Scan state: QUEUED
2012-06-04 16:27:35,138 [pool-2-thread-1] (WaitScanCompletionJob.java:114) TRACE - QUEUED
 (0%) 
2012-06-04 16:28:35,766 [pool-2-thread-1] (WaitScanCompletionJob.java:62) TRACE - getScanStatus: GetStatusOfScanResult({ 0b6a1fbc-5086-42f3-8272-2044dbd4b4b6 | WORKING | 38 | 17 | Optimizing internal representation, Stage 3 | 61 | Stage # 18 of 22 | Processing # 384 of 624 | 2012-6-4 15:28:8 | 2014-6-4 15:28:8 | -1 | Stage # 18 of 22 | 2| 0 | 2 | 0 })
2012-06-04 16:28:35,767 [pool-2-thread-1] (WaitScanCompletionJob.java:74) INFO  - Total scan worked: 38%
2012-06-04 16:28:35,767 [pool-2-thread-1] (WaitScanCompletionJob.java:104) INFO  - Current stage:  "Optimizing internal representation, Stage 3" - Stage # 18 of 22
2012-06-04 16:28:35,768 [pool-2-thread-1] (WaitScanCompletionJob.java:114) TRACE - WORKING "Optimizing internal representation, Stage 3"
Stage # 18 of 22 (61%) Processing # 384 of 624
2012-06-04 16:29:35,833 [pool-2-thread-1] (WaitScanCompletionJob.java:62) TRACE - getScanStatus: GetStatusOfScanResult({ 0b6a1fbc-5086-42f3-8272-2044dbd4b4b6 | WORKING | 54 | 20 | Querying | 8 | Running query: Missing_XML_Validation | Processing # 11 of 126 | 2012-6-4 15:28:8 | 2014-6-4 15:28:8 | -1 | Missing_XML_Validation | 2| 0 | 2 | 2 })
2012-06-04 16:29:35,833 [pool-2-thread-1] (WaitScanCompletionJob.java:74) INFO  - Total scan worked: 54%
2012-06-04 16:29:35,834 [pool-2-thread-1] (WaitScanCompletionJob.java:104) INFO  - Current stage:  "Querying" - Running query: Missing_XML_Validation
2012-06-04 16:29:35,834 [pool-2-thread-1] (WaitScanCompletionJob.java:114) TRACE - WORKING "Querying"
Running query: Missing_XML_Validation (8%) Processing # 11 of 126
2012-06-04 16:30:36,005 [pool-2-thread-1] (WaitScanCompletionJob.java:62) TRACE - getScanStatus: GetStatusOfScanResult({ 0b6a1fbc-5086-42f3-8272-2044dbd4b4b6 | WORKING | 72 | 20 | Querying | 44 | Running query: Log_Forging | Processing # 56 of 126 | 2012-6-4 15:28:8 | 2014-6-4 15:28:8 | -1 | Log_Forging | 2| 0 | 2 | 2 })
2012-06-04 16:30:36,005 [pool-2-thread-1] (WaitScanCompletionJob.java:74) INFO  - Total scan worked: 72%
2012-06-04 16:30:36,006 [pool-2-thread-1] (WaitScanCompletionJob.java:104) INFO  - Current stage:  "Querying" - Running query: Log_Forging
2012-06-04 16:30:36,006 [pool-2-thread-1] (WaitScanCompletionJob.java:114) TRACE - WORKING "Querying"
Running query: Log_Forging (44%) Processing # 56 of 126
2012-06-04 16:31:36,105 [pool-2-thread-1] (WaitScanCompletionJob.java:62) TRACE - getScanStatus: GetStatusOfScanResult({ 0b6a1fbc-5086-42f3-8272-2044dbd4b4b6 | WORKING | 93 | 20 | Querying | 86 | Running query: Client_Untrusted_Activex | Processing # 109 of 126 | 2012-6-4 15:28:8 | 2014-6-4 15:28:8 | -1 | Client_Untrusted_Activex | 2| 0 | 2 | 2 })
2012-06-04 16:31:36,106 [pool-2-thread-1] (WaitScanCompletionJob.java:74) INFO  - Total scan worked: 93%
2012-06-04 16:31:36,107 [pool-2-thread-1] (WaitScanCompletionJob.java:104) INFO  - Current stage:  "Querying" - Running query: Client_Untrusted_Activex
2012-06-04 16:31:36,107 [pool-2-thread-1] (WaitScanCompletionJob.java:114) TRACE - WORKING "Querying"
Running query: Client_Untrusted_Activex (86%) Processing # 109 of 126
2012-06-04 16:32:36,204 [pool-2-thread-1] (WaitScanCompletionJob.java:62) TRACE - getScanStatus: GetStatusOfScanResult({ 0b6a1fbc-5086-42f3-8272-2044dbd4b4b6 | FINISHED | 100 | 2147483647 |  | 0 | Finish saving results |  | 2012-6-4 15:28:8 | 2012-6-4 15:33:4 | -1 |  | 2| 2 | 2 | 2 })
2012-06-04 16:32:36,205 [pool-2-thread-1] (WaitScanCompletionJob.java:74) INFO  - Total scan worked: 100%
2012-06-04 16:32:36,205 [pool-2-thread-1] (WaitScanCompletionJob.java:108) INFO  - Current stage: Finish saving results
2012-06-04 16:32:36,206 [pool-2-thread-1] (WaitScanCompletionJob.java:114) TRACE - FINISHED
Finish saving results (0%) 
2012-06-04 16:32:36,206 [pool-2-thread-1] (WaitScanCompletionJob.java:126) INFO  - Finish saving results
2012-06-04 16:32:36,208 [pool-1-thread-1] (CxScanJob.java:170) INFO  - Retrieving results
